TN:
SF:src/modules/appointments/services/CreateAppointmentService.ts
FN:11,(anonymous_18)
FN:12,CreateAppointmentService
FN:23,(anonymous_20)
FNF:3
FNH:3
FNDA:1,(anonymous_18)
FNDA:6,CreateAppointmentService
FNDA:7,(anonymous_20)
DA:1,1
DA:2,1
DA:4,1
DA:11,1
DA:14,6
DA:17,6
DA:20,6
DA:23,1
DA:24,7
DA:25,7
DA:26,7
DA:28,7
DA:30,7
DA:31,2
DA:35,5
DA:36,1
DA:38,4
DA:40,4
DA:41,2
DA:44,2
DA:49,2
DA:50,0
DA:53,2
DA:59,2
DA:61,4
DA:66,4
DA:72,2
DA:74,1
DA:76,1
LF:29
LH:28
BRDA:30,0,0,2
BRDA:30,0,1,5
BRDA:35,1,0,1
BRDA:35,1,1,4
BRDA:40,2,0,2
BRDA:40,2,1,2
BRDA:40,3,0,4
BRDA:40,3,1,3
BRDA:49,4,0,0
BRDA:49,4,1,2
BRF:10
BRH:9
end_of_record
TN:
SF:src/modules/appointments/services/ListProviderAppointmentService.ts
FN:16,(anonymous_17)
FN:17,ListProviderAppointmentService
FN:25,(anonymous_19)
FNF:3
FNH:3
FNDA:1,(anonymous_17)
FNDA:1,ListProviderAppointmentService
FNDA:1,(anonymous_19)
DA:1,1
DA:5,1
DA:16,1
DA:19,1
DA:22,1
DA:25,1
DA:26,1
DA:27,1
DA:28,1
DA:29,1
DA:31,1
DA:33,1
DA:36,1
DA:37,1
DA:46,2
DA:49,1
DA:51,1
DA:53,1
LF:18
LH:18
BRDA:49,0,0,1
BRDA:36,1,0,0
BRDA:36,1,1,1
BRF:3
BRH:2
end_of_record
TN:
SF:src/modules/appointments/services/ListProviderDayAvailabilityService.ts
FN:21,(anonymous_17)
FN:22,ListProviderMonthAvailabilityService
FN:27,(anonymous_19)
FN:41,(anonymous_22)
FN:46,(anonymous_23)
FN:48,(anonymous_24)
FNF:6
FNH:6
FNDA:1,(anonymous_17)
FNDA:1,ListProviderMonthAvailabilityService
FNDA:1,(anonymous_19)
FNDA:10,(anonymous_22)
FNDA:10,(anonymous_23)
FNDA:19,(anonymous_24)
DA:1,1
DA:4,1
DA:21,1
DA:24,1
DA:27,1
DA:28,1
DA:29,1
DA:30,1
DA:31,1
DA:33,1
DA:37,1
DA:39,1
DA:41,10
DA:44,1
DA:46,1
DA:47,10
DA:48,19
DA:51,10
DA:52,10
DA:58,1
DA:60,1
DA:62,1
LF:22
LH:22
BRDA:33,0,0,1
BRDA:54,1,0,10
BRDA:54,1,1,8
BRF:3
BRH:3
end_of_record
TN:
SF:src/modules/appointments/services/ListProviderMonthAvailabilityService.ts
FN:18,(anonymous_17)
FN:19,ListProviderMonthAvailabilityService
FN:24,(anonymous_19)
FN:37,(anonymous_22)
FN:42,(anonymous_23)
FN:45,(anonymous_24)
FNF:6
FNH:6
FNDA:1,(anonymous_17)
FNDA:1,ListProviderMonthAvailabilityService
FNDA:1,(anonymous_19)
FNDA:30,(anonymous_22)
FNDA:30,(anonymous_23)
FNDA:330,(anonymous_24)
DA:1,1
DA:4,1
DA:18,1
DA:21,1
DA:24,1
DA:25,1
DA:26,1
DA:27,1
DA:29,1
DA:33,1
DA:35,1
DA:37,30
DA:42,1
DA:43,30
DA:45,30
DA:46,330
DA:48,30
DA:55,1
DA:57,1
DA:59,1
LF:20
LH:20
BRDA:29,0,0,1
BRDA:51,1,0,30
BRDA:51,1,1,30
BRF:3
BRH:3
end_of_record
TN:
SF:src/modules/appointments/services/ListProvidersService.ts
FN:10,(anonymous_17)
FN:11,ListProvidersService
FN:19,(anonymous_19)
FNF:3
FNH:3
FNDA:1,(anonymous_17)
FNDA:1,ListProvidersService
FNDA:1,(anonymous_19)
DA:2,1
DA:10,1
DA:13,1
DA:16,1
DA:19,1
DA:20,1
DA:24,1
DA:25,1
DA:31,2
DA:34,1
DA:36,1
DA:38,1
LF:12
LH:12
BRDA:20,0,0,1
BRDA:20,0,1,1
BRDA:24,1,0,0
BRDA:24,1,1,1
BRF:4
BRH:3
end_of_record
TN:
SF:src/modules/users/services/AuthenticateUserService.ts
FN:20,(anonymous_18)
FN:21,AuthenticateUserService
FN:29,(anonymous_20)
FNF:3
FNH:3
FNDA:1,(anonymous_18)
FNDA:3,AuthenticateUserService
FNDA:3,(anonymous_20)
DA:1,1
DA:3,1
DA:4,1
DA:5,1
DA:20,1
DA:23,3
DA:26,3
DA:29,3
DA:30,3
DA:32,3
DA:33,1
DA:42,2
DA:47,2
DA:48,1
DA:50,1
DA:52,1
DA:56,1
DA:61,1
LF:18
LH:18
BRDA:30,0,0,3
BRDA:32,1,0,1
BRDA:32,1,1,2
BRDA:47,2,0,1
BRDA:47,2,1,1
BRF:5
BRH:5
end_of_record
TN:
SF:src/modules/users/services/CreateUserService.ts
FN:14,(anonymous_18)
FN:15,CreateUserService
FN:26,(anonymous_20)
FNF:3
FNH:3
FNDA:2,(anonymous_18)
FNDA:5,CreateUserService
FNDA:6,(anonymous_20)
DA:1,2
DA:3,2
DA:14,2
DA:17,5
DA:20,5
DA:23,5
DA:26,6
DA:27,6
DA:28,6
DA:29,1
DA:32,5
DA:34,5
DA:40,10
DA:42,5
DA:44,2
DA:46,2
LF:16
LH:16
BRDA:27,0,0,6
BRDA:28,1,0,1
BRDA:28,1,1,5
BRF:3
BRH:3
end_of_record
TN:
SF:src/modules/users/services/ResetPasswordService.ts
FN:15,(anonymous_18)
FN:16,ResetPasswordService
FN:27,(anonymous_20)
FNF:3
FNH:3
FNDA:1,(anonymous_18)
FNDA:4,ResetPasswordService
FNDA:4,(anonymous_20)
DA:1,1
DA:2,1
DA:3,1
DA:15,1
DA:18,4
DA:21,4
DA:24,4
DA:27,4
DA:28,4
DA:30,4
DA:31,1
DA:33,3
DA:35,3
DA:36,1
DA:39,2
DA:40,2
DA:41,2
DA:42,1
DA:45,1
DA:47,2
DA:49,1
DA:51,1
LF:22
LH:22
BRDA:28,0,0,4
BRDA:30,1,0,1
BRDA:30,1,1,3
BRDA:35,2,0,1
BRDA:35,2,1,2
BRDA:41,3,0,1
BRDA:41,3,1,1
BRF:7
BRH:7
end_of_record
TN:
SF:src/modules/users/services/SendForgotPasswordEmailService.ts
FN:14,(anonymous_18)
FN:15,SendForgotPasswordEmailService
FN:26,(anonymous_20)
FNF:3
FNH:3
FNDA:1,(anonymous_18)
FNDA:3,SendForgotPasswordEmailService
FNDA:3,(anonymous_20)
DA:1,1
DA:2,1
DA:3,1
DA:14,1
DA:17,3
DA:20,3
DA:23,3
DA:26,3
DA:27,3
DA:29,3
DA:30,1
DA:33,2
DA:35,2
DA:42,4
DA:58,1
DA:60,1
LF:16
LH:16
BRDA:27,0,0,3
BRDA:29,1,0,1
BRDA:29,1,1,2
BRF:3
BRH:3
end_of_record
TN:
SF:src/modules/users/services/ShowProfileService.ts
FN:10,(anonymous_18)
FN:11,ShowProfileService
FN:16,(anonymous_20)
FNF:3
FNH:3
FNDA:1,(anonymous_18)
FNDA:2,ShowProfileService
FNDA:2,(anonymous_20)
DA:1,1
DA:3,1
DA:10,1
DA:13,2
DA:16,2
DA:17,2
DA:19,2
DA:20,1
DA:23,1
DA:25,1
DA:27,1
LF:11
LH:11
BRDA:17,0,0,2
BRDA:19,1,0,1
BRDA:19,1,1,1
BRF:3
BRH:3
end_of_record
TN:
SF:src/modules/users/services/UpdateProfileService.ts
FN:15,(anonymous_18)
FN:16,UpdateProfileService
FN:24,(anonymous_20)
FNF:3
FNH:3
FNDA:1,(anonymous_18)
FNDA:6,UpdateProfileService
FNDA:6,(anonymous_20)
DA:1,1
DA:3,1
DA:15,1
DA:18,6
DA:21,6
DA:24,1
DA:25,6
DA:26,6
DA:27,6
DA:28,6
DA:29,6
DA:31,6
DA:33,6
DA:34,1
DA:36,5
DA:38,5
DA:39,1
DA:42,4
DA:43,1
DA:47,4
DA:48,2
DA:52,2
DA:53,1
DA:56,2
DA:57,2
DA:59,3
DA:60,1
DA:63,2
DA:65,1
DA:67,1
LF:30
LH:30
BRDA:31,0,0,6
BRDA:31,0,1,2
BRDA:33,1,0,1
BRDA:33,1,1,5
BRDA:38,2,0,1
BRDA:38,2,1,4
BRDA:38,3,0,5
BRDA:38,3,1,1
BRDA:42,4,0,1
BRDA:42,4,1,3
BRDA:42,5,0,4
BRDA:42,5,1,3
BRDA:47,6,0,1
BRDA:47,6,1,2
BRDA:47,7,0,3
BRDA:47,7,1,2
BRDA:52,8,0,1
BRDA:52,8,1,1
BRDA:59,9,0,1
BRDA:59,9,1,1
BRF:20
BRH:20
end_of_record
TN:
SF:src/modules/users/services/UpdateUserAvatarService.ts
FN:12,(anonymous_18)
FN:13,UpdateUserAvatarService
FN:21,(anonymous_20)
FNF:3
FNH:3
FNDA:1,(anonymous_18)
FNDA:3,UpdateUserAvatarService
FNDA:4,(anonymous_20)
DA:1,1
DA:3,1
DA:12,1
DA:15,3
DA:18,3
DA:21,4
DA:22,4
DA:23,4
DA:24,1
DA:27,5
DA:28,2
DA:31,3
DA:33,3
DA:35,6
DA:37,3
DA:39,1
DA:41,1
LF:17
LH:17
BRDA:22,0,0,4
BRDA:22,0,1,3
BRDA:23,1,0,1
BRDA:23,1,1,3
BRDA:27,2,0,2
BRDA:27,2,1,1
BRF:6
BRH:6
end_of_record
